0 info it worked if it ends with ok
1 verbose cli [ 'node', '/usr/bin/npm', 'install' ]
2 info using npm@1.3.6
3 info using node@v0.10.48
4 warn package.json docker_web_app@1.0.0 No repository field.
5 verbose readDependencies using package.json deps
6 verbose install where, deps [ '/home/ec2-user/webanalytics', [ 'express' ] ]
7 info preinstall docker_web_app@1.0.0
8 verbose readDependencies using package.json deps
9 verbose cache add [ 'express@^4.16.1', null ]
10 verbose cache add name=undefined spec="express@^4.16.1" args=["express@^4.16.1",null]
11 verbose parsed url { protocol: null,
11 verbose parsed url   slashes: null,
11 verbose parsed url   auth: null,
11 verbose parsed url   host: null,
11 verbose parsed url   port: null,
11 verbose parsed url   hostname: null,
11 verbose parsed url   hash: null,
11 verbose parsed url   search: null,
11 verbose parsed url   query: null,
11 verbose parsed url   pathname: 'express@^4.16.1',
11 verbose parsed url   path: 'express@^4.16.1',
11 verbose parsed url   href: 'express@^4.16.1' }
12 verbose cache add name="express" spec="^4.16.1" args=["express","^4.16.1"]
13 verbose parsed url { protocol: null,
13 verbose parsed url   slashes: null,
13 verbose parsed url   auth: null,
13 verbose parsed url   host: null,
13 verbose parsed url   port: null,
13 verbose parsed url   hostname: null,
13 verbose parsed url   hash: null,
13 verbose parsed url   search: null,
13 verbose parsed url   query: null,
13 verbose parsed url   pathname: '^4.16.1',
13 verbose parsed url   path: '^4.16.1',
13 verbose parsed url   href: '^4.16.1' }
14 verbose addNamed [ 'express', '^4.16.1' ]
15 verbose addNamed [ null, '>=4.16.1-0 <5.0.0-0' ]
16 silly lockFile 9b2433a3-express-4-16-1 express@^4.16.1
17 verbose lock express@^4.16.1 /root/.npm/9b2433a3-express-4-16-1.lock
18 silly addNameRange { name: 'express', range: '>=4.16.1-0 <5.0.0-0', hasData: false }
19 verbose url raw express
20 verbose url resolving [ 'https://registry.npmjs.org/', './express' ]
21 verbose url resolved https://registry.npmjs.org/express
22 info trying registry request attempt 1 at 18:12:59
23 http GET https://registry.npmjs.org/express
24 info retry will retry, error on last attempt: Error: UNABLE_TO_GET_ISSUER_CERT_LOCALLY
25 info trying registry request attempt 2 at 18:13:09
26 http GET https://registry.npmjs.org/express
27 info retry will retry, error on last attempt: Error: UNABLE_TO_GET_ISSUER_CERT_LOCALLY
28 info trying registry request attempt 3 at 18:14:09
29 http GET https://registry.npmjs.org/express
30 silly lockFile 9b2433a3-express-4-16-1 express@^4.16.1
31 silly lockFile 9b2433a3-express-4-16-1 express@^4.16.1
32 error Error: UNABLE_TO_GET_ISSUER_CERT_LOCALLY
32 error     at SecurePair.<anonymous> (tls.js:1430:32)
32 error     at SecurePair.emit (events.js:92:17)
32 error     at SecurePair.maybeInitFinished (tls.js:1029:10)
32 error     at CleartextStream.read [as _read] (tls.js:521:13)
32 error     at CleartextStream.Readable.read (_stream_readable.js:341:10)
32 error     at EncryptedStream.write [as _write] (tls.js:418:25)
32 error     at doWrite (_stream_writable.js:226:10)
32 error     at writeOrBuffer (_stream_writable.js:216:5)
32 error     at EncryptedStream.Writable.write (_stream_writable.js:183:11)
32 error     at write (_stream_readable.js:602:24)
33 error If you need help, you may report this log at:
33 error     <http://github.com/isaacs/npm/issues>
33 error or email it to:
33 error     <npm-@googlegroups.com>
34 error System Linux 4.14.165-102.185.amzn1.x86_64
35 error command "node" "/usr/bin/npm" "install"
36 error cwd /home/ec2-user/webanalytics
37 error node -v v0.10.48
38 error npm -v 1.3.6
39 verbose exit [ 1, true ]
